<?xml version="1.0" encoding="UTF-8"?>
<testng-results ignored="0" total="1" passed="1" failed="0" skipped="0">
  <reporter-output>
  </reporter-output>
  <suite started-at="2023-04-18T19:32:10 IST" name="Default suite" finished-at="2023-04-18T19:32:25 IST" duration-ms="15264">
    <groups>
    </groups>
    <test started-at="2023-04-18T19:32:10 IST" name="Default test" finished-at="2023-04-18T19:32:25 IST" duration-ms="15264">
      <class name="testScenarios.SignUpTest">
        <test-method is-config="true" signature="init()[pri:0, instance:testScenarios.SignUpTest@4d5650ae]" started-at="2023-04-18T19:32:10 IST" name="init" finished-at="2023-04-18T19:32:19 IST" duration-ms="9621" status="PASS">
          <reporter-output>
          </reporter-output>
        </test-method> <!-- init -->
        <test-method signature="signUp(java.lang.String,java.lang.String,java.lang.String,java.lang.String,java.lang.String)[pri:0, instance:testScenarios.SignUpTest@4d5650ae]" started-at="2023-04-18T19:32:20 IST" name="signUp" data-provider="getValue" finished-at="2023-04-18T19:32:25 IST" duration-ms="5037" status="PASS">
          <params>
            <param index="0">
              <value>
                <![CDATA[test]]>
              </value>
            </param>
            <param index="1">
              <value>
                <![CDATA[user]]>
              </value>
            </param>
            <param index="2">
              <value>
                <![CDATA[testuser1804231924@gmail.com]]>
              </value>
            </param>
            <param index="3">
              <value>
                <![CDATA[test@1804231924]]>
              </value>
            </param>
            <param index="4">
              <value>
                <![CDATA[test@1804231924]]>
              </value>
            </param>
          </params>
          <reporter-output>
          </reporter-output>
        </test-method> <!-- signUp -->
      </class> <!-- testScenarios.SignUpTest -->
    </test> <!-- Default test -->
  </suite> <!-- Default suite -->
</testng-results>
