<?xml version="1.0" encoding="UTF-8"?>
<testng-results ignored="0" total="2" passed="2" failed="0" skipped="0">
  <reporter-output>
  </reporter-output>
  <suite started-at="2023-03-11T19:38:51 IST" name="Suite" finished-at="2023-03-11T19:39:35 IST" duration-ms="44294">
    <groups>
    </groups>
    <test started-at="2023-03-11T19:38:51 IST" name="Test" finished-at="2023-03-11T19:39:35 IST" duration-ms="44294">
      <class name="testScenarios.LoginTest">
        <test-method signature="Login(java.lang.String,java.lang.String)[pri:0, instance:testScenarios.LoginTest@5d7148e2]" started-at="2023-03-11T19:38:51 IST" name="Login" data-provider="getValue" finished-at="2023-03-11T19:39:14 IST" duration-ms="22205" status="PASS">
          <params>
            <param index="0">
              <value>
                <![CDATA[Admin]]>
              </value>
            </param>
            <param index="1">
              <value>
                <![CDATA[admin123]]>
              </value>
            </param>
          </params>
          <reporter-output>
          </reporter-output>
        </test-method> <!-- Login -->
      </class> <!-- testScenarios.LoginTest -->
      <class name="testScenarios.AdminTest">
        <test-method signature="addUser()[pri:0, instance:testScenarios.AdminTest@485966cc]" started-at="2023-03-11T19:39:14 IST" name="addUser" finished-at="2023-03-11T19:39:35 IST" duration-ms="21177" status="PASS">
          <reporter-output>
          </reporter-output>
        </test-method> <!-- addUser -->
      </class> <!-- testScenarios.AdminTest -->
    </test> <!-- Test -->
  </suite> <!-- Suite -->
</testng-results>
